autoscan: warning: missing AC_CHECK_FUNCS([memset]) wanted by: 
	src/alsa.c:152
	src/porta.c:136
	src/rsound-common.c:340
	src/client.c:52
	src/client.c:99
autoscan: warning: missing AC_CHECK_FUNCS([select]) wanted by: 
	src/rsound-common.c:404
autoscan: warning: missing AC_CHECK_FUNCS([socket]) wanted by: 
	src/rsound-common.c:360
	src/client.c:58
autoscan: warning: missing AC_CHECK_FUNCS([strerror]) wanted by: 
	src/daemon.c:66
autoscan: warning: missing AC_CHECK_HEADERS([arpa/inet.h]) wanted by: 
	src/client.c:21
autoscan: warning: missing AC_CHECK_HEADERS([fcntl.h]) wanted by: 
	src/oss.h:21
autoscan: warning: missing AC_CHECK_HEADERS([netdb.h]) wanted by: 
	src/audio.h:32
	src/client.c:22
autoscan: warning: missing AC_CHECK_HEADERS([sys/ioctl.h]) wanted by: 
	src/oss.h:22
autoscan: warning: missing AC_CHECK_HEADERS([sys/socket.h]) wanted by: 
	src/audio.h:28
	src/client.c:20
autoscan: warning: missing AC_C_INLINE wanted by: 
	src/endian.h:18
	src/endian.h:19
	src/endian.h:20
	src/endian.c:18
	src/endian.c:24
	src/endian.c:29
autoscan: warning: missing AC_FUNC_FORK wanted by: 
	src/daemon.c:33
autoscan: warning: missing AC_FUNC_MALLOC wanted by: 
	src/ao.c:99
	src/oss.c:156
	src/alsa.c:87
	src/porta.c:49
	src/rsound-common.c:41
	src/client.c:86
autoscan: warning: missing AC_TYPE_SIZE_T wanted by: 
	src/rsound.h:29
	src/porta.h:27
	src/alsa.h:31
	src/rsound-common.c:391
autoscan: warning: missing AC_TYPE_UINT16_T wanted by: 
	src/audio.h:44
	src/audio.h:47
	src/audio.h:48
	src/endian.h:20
	src/endian.c:20
	src/endian.c:24
	src/rsound-common.c:245
	src/rsound-common.c:259
	src/rsound-common.c:269
	src/client.c:34
	src/client.c:35
	src/client.c:183
	src/client.c:184
autoscan: warning: missing AC_TYPE_UINT32_T wanted by: 
	src/audio.h:38
	src/audio.h:39
	src/audio.h:40
	src/audio.h:41
	src/audio.h:42
	src/audio.h:43
	src/audio.h:45
	src/audio.h:46
	src/audio.h:49
	src/audio.h:50
	src/rsound.h:27
	src/rsound.h:27
	src/oss.h:29
	src/endian.h:19
	src/oss.c:143
	src/oss.c:153
	src/oss.c:154
	src/alsa.c:19
	src/alsa.c:20
	src/alsa.c:68
	src/alsa.c:71
	src/endian.c:29
	src/rsound-common.c:246
	src/rsound-common.c:264
	src/rsound-common.c:308
	src/rsound-common.c:308
	src/rsound-common.c:322
	src/rsound-common.c:323
	src/rsound-common.c:325
	src/rsound-common.c:326
	src/client.c:33
	src/client.c:41
	src/client.c:41
	src/client.c:75
	src/client.c:182
	src/client.c:196
	src/client.c:196
	src/client.c:198
	src/client.c:201
	src/client.c:202
	src/client.c:206
	src/client.c:207
autoscan: warning: missing AC_TYPE_UINT8_T wanted by: 
	src/endian.c:21
